<?xml version="1.0" encoding="UTF-8"?>
<testsuite name="br.com.everton.backendextrato.ExtratoIntegrationTest" tests="4" skipped="0" failures="0" errors="0" timestamp="2025-12-17T15:00:18.747Z" hostname="PCM03" time="0.109">
  <properties/>
  <testcase name="POST /api/extratos cria lançamento e retorna 201 com id" classname="br.com.everton.backendextrato.ExtratoIntegrationTest" time="0.038"/>
  <testcase name="GET /api/extratos lista itens filtrando por contaId e calcula saldos" classname="br.com.everton.backendextrato.ExtratoIntegrationTest" time="0.039"/>
  <testcase name="DELETE /api/extratos/{id} remove e retorna 204; inexistente 404" classname="br.com.everton.backendextrato.ExtratoIntegrationTest" time="0.017"/>
  <testcase name="GET /api/extratos/{id} retorna 404 para inexistente e 200 após criação" classname="br.com.everton.backendextrato.ExtratoIntegrationTest" time="0.013"/>
  <system-out><![CDATA[2025-12-17T12:00:18.744-03:00  INFO 103064 --- [backend-extrato] [    Test worker] t.c.s.AnnotationConfigContextLoaderUtils : Could not detect default configuration classes for test class [br.com.everton.backendextrato.ExtratoIntegrationTest]: ExtratoIntegrationTest does not declare any static, non-private, non-final, nested classes annotated with @Configuration.
2025-12-17T12:00:18.745-03:00  INFO 103064 --- [backend-extrato] [    Test worker] .b.t.c.SpringBootTestContextBootstrapper : Found @SpringBootConfiguration br.com.everton.backendextrato.BackendExtratoApplication for test class br.com.everton.backendextrato.ExtratoIntegrationTest
]]></system-out>
  <system-err><![CDATA[]]></system-err>
</testsuite>
