<?xml version="1.0" encoding="UTF-8"?>
<testsuite name="br.com.everton.backendextrato.EntradasIntegrationTest" tests="5" skipped="0" failures="0" errors="0" timestamp="2025-12-16T22:01:27.786Z" hostname="PCM03" time="1.127">
  <properties/>
  <testcase name="POST /api/entradas cria e retorna 201 com id" classname="br.com.everton.backendextrato.EntradasIntegrationTest" time="1.015"/>
  <testcase name="DELETE /api/entradas/{id} remove e retorna 204; inexistente 404" classname="br.com.everton.backendextrato.EntradasIntegrationTest" time="0.018"/>
  <testcase name="POST /api/entradas validações retornam 400" classname="br.com.everton.backendextrato.EntradasIntegrationTest" time="0.021"/>
  <testcase name="GET /api/entradas lista paginada" classname="br.com.everton.backendextrato.EntradasIntegrationTest" time="0.054"/>
  <testcase name="GET /api/entradas/{id} 200 e 404" classname="br.com.everton.backendextrato.EntradasIntegrationTest" time="0.015"/>
  <system-out><![CDATA[2025-12-16T19:01:27.329-03:00  INFO 96352 --- [backend-extrato] [    Test worker] t.c.s.AnnotationConfigContextLoaderUtils : Could not detect default configuration classes for test class [br.com.everton.backendextrato.EntradasIntegrationTest]: EntradasIntegrationTest does not declare any static, non-private, non-final, nested classes annotated with @Configuration.
2025-12-16T19:01:27.331-03:00  INFO 96352 --- [backend-extrato] [    Test worker] .b.t.c.SpringBootTestContextBootstrapper : Found @SpringBootConfiguration br.com.everton.backendextrato.BackendExtratoApplication for test class br.com.everton.backendextrato.EntradasIntegrationTest

  .   ____          _            __ _ _
 /\\ / ___'_ __ _ _(_)_ __  __ _ \ \ \ \
( ( )\___ | '_ | '_| | '_ \/ _` | \ \ \ \
 \\/  ___)| |_)| | | | | || (_| |  ) ) ) )
  '  |____| .__|_| |_|_| |_\__, | / / / /
 =========|_|==============|___/=/_/_/_/

 :: Spring Boot ::                (v4.0.0)

2025-12-16T19:01:27.356-03:00  INFO 96352 --- [backend-extrato] [    Test worker] b.c.e.b.EntradasIntegrationTest          : Starting EntradasIntegrationTest using Java 17.0.12 with PID 96352 (started by evert in C:\dev\projects\backend\sioux\backend-extrato)
2025-12-16T19:01:27.356-03:00  INFO 96352 --- [backend-extrato] [    Test worker] b.c.e.b.EntradasIntegrationTest          : No active profile set, falling back to 1 default profile: "default"
2025-12-16T19:01:27.585-03:00  INFO 96352 --- [backend-extrato] [    Test worker] o.s.boot.tomcat.TomcatWebServer          : Tomcat initialized with port 0 (http)
2025-12-16T19:01:27.593-03:00  INFO 96352 --- [backend-extrato] [    Test worker] o.apache.catalina.core.StandardService   : Starting service [Tomcat]
2025-12-16T19:01:27.595-03:00  INFO 96352 --- [backend-extrato] [    Test worker] o.apache.catalina.core.StandardEngine    : Starting Servlet engine: [Apache Tomcat/11.0.14]
2025-12-16T19:01:27.646-03:00  INFO 96352 --- [backend-extrato] [    Test worker] b.w.c.s.WebApplicationContextInitializer : Root WebApplicationContext: initialization completed in 287 ms
2025-12-16T19:01:27.778-03:00  INFO 96352 --- [backend-extrato] [    Test worker] o.s.boot.tomcat.TomcatWebServer          : Tomcat started on port 51534 (http) with context path '/'
2025-12-16T19:01:27.780-03:00  INFO 96352 --- [backend-extrato] [    Test worker] b.c.e.b.EntradasIntegrationTest          : Started EntradasIntegrationTest in 0.445 seconds (process running for 4.221)
2025-12-16T19:01:28.559-03:00  INFO 96352 --- [backend-extrato] [o-auto-1-exec-1] o.a.c.c.C.[Tomcat].[localhost].[/]       : Initializing Spring DispatcherServlet 'dispatcherServlet'
2025-12-16T19:01:28.560-03:00  INFO 96352 --- [backend-extrato] [o-auto-1-exec-1] o.s.web.servlet.DispatcherServlet        : Initializing Servlet 'dispatcherServlet'
2025-12-16T19:01:28.560-03:00  INFO 96352 --- [backend-extrato] [o-auto-1-exec-1] o.s.web.servlet.DispatcherServlet        : Completed initialization in 0 ms
]]></system-out>
  <system-err><![CDATA[]]></system-err>
</testsuite>
